<?xml version="1.0" encoding="UTF-8"?>
<!-- Generated by org.testng.reporters.JUnitReportReporter -->
<testsuite hostname="DESKTOP-4DE5P58" failures="0" tests="1" name="tests.LoginTest" time="8.157" errors="0" timestamp="2022-01-09T11:47:38 IST" skipped="0">
  <testcase classname="tests.LoginTest" name="Validate_LoginApplication" time="8.157"/>
  <system-out/>
</testsuite> <!-- tests.LoginTest -->
