<?xml version="1.0" encoding="UTF-8"?>
<!-- Generated by org.testng.reporters.JUnitReportReporter -->
<testsuite hostname="DESKTOP-4DE5P58" failures="0" tests="1" name="tests.LoginTest" time="7.947" errors="0" timestamp="2022-01-31T20:05:47 IST" skipped="0">
  <testcase classname="tests.LoginTest" name="Validate_LoginApplication" time="7.947"/>
  <system-out/>
</testsuite> <!-- tests.LoginTest -->
